\BOOKMARK [0][-]{chapter*.5}{Abstract}{}% 1
\BOOKMARK [0][-]{chapter*.6}{Resumen}{}% 2
\BOOKMARK [0][-]{chapter.1}{}{}% 3
\BOOKMARK [1][-]{section.1.1}{Motivaci\363n y Antecedentes}{chapter.1}% 4
\BOOKMARK [2][-]{subsection.1.1.1}{Dise\361o y desarrollo del simulador de dispositivos LoRa}{section.1.1}% 5
\BOOKMARK [2][-]{subsection.1.1.2}{Desarrollo e implementaci\363n de m\363dulo de transici\363n LoRaWAN/IPv6}{section.1.1}% 6
\BOOKMARK [1][-]{section.1.2}{Objetivos y Alcance}{chapter.1}% 7
\BOOKMARK [0][-]{chapter.2}{}{}% 8
\BOOKMARK [1][-]{section.2.1}{Estado del Arte}{chapter.2}% 9
\BOOKMARK [2][-]{subsection.2.1.1}{Antecedentes para la simulaci\363n de dispositivos LoRa}{section.2.1}% 10
\BOOKMARK [2][-]{subsection.2.1.2}{Antecedentes para el desarrollo del m\363dulo de transici\363n LoRaWAN/IPv6}{section.2.1}% 11
\BOOKMARK [2][-]{subsection.2.1.3}{Transici\363n de LoRa a IPv6}{section.2.1}% 12
\BOOKMARK [0][-]{chapter.3}{}{}% 13
\BOOKMARK [1][-]{section.3.1}{Marco Te\363rico}{chapter.3}% 14
\BOOKMARK [2][-]{subsection.3.1.1}{ALOHAnet}{section.3.1}% 15
\BOOKMARK [2][-]{subsection.3.1.2}{Spreading Factor}{section.3.1}% 16
\BOOKMARK [2][-]{subsection.3.1.3}{Dispositivos LoRa}{section.3.1}% 17
\BOOKMARK [2][-]{subsection.3.1.4}{Diferencias entre LoRaWAN y ALOHAnet}{section.3.1}% 18
\BOOKMARK [0][-]{chapter.4}{}{}% 19
\BOOKMARK [1][-]{section.4.1}{Definici\363n de Variables y Par\341metros}{chapter.4}% 20
\BOOKMARK [1][-]{section.4.2}{Definici\363n de Fases de Transmisi\363n en LoraWAN}{chapter.4}% 21
\BOOKMARK [2][-]{subsection.4.2.1}{Fase de Transmisi\363n}{section.4.2}% 22
\BOOKMARK [2][-]{subsection.4.2.2}{Fase de Reposo}{section.4.2}% 23
\BOOKMARK [2][-]{subsection.4.2.3}{Packet Loss}{section.4.2}% 24
\BOOKMARK [1][-]{section.4.3}{Modulo de Transici\363n LoRaWAN/IPv6}{chapter.4}% 25
\BOOKMARK [1][-]{section.4.4}{Funcionamiento}{chapter.4}% 26
\BOOKMARK [2][-]{subsection.4.4.1}{Contribuciones}{section.4.4}% 27
\BOOKMARK [2][-]{subsection.4.4.2}{Consideraciones}{section.4.4}% 28
\BOOKMARK [1][-]{section.4.5}{Par\341metros y Variables en Mediciones}{chapter.4}% 29
\BOOKMARK [2][-]{subsection.4.5.1}{Pruebas Realizadas}{section.4.5}% 30
\BOOKMARK [1][-]{section.4.6}{Resultados Obtenidos}{chapter.4}% 31
\BOOKMARK [2][-]{subsection.4.6.1}{Cambios de Estado}{section.4.6}% 32
\BOOKMARK [2][-]{subsection.4.6.2}{\315ndice de P\351rdida de Paquetes}{section.4.6}% 33
\BOOKMARK [2][-]{subsection.4.6.3}{Resultados Obtenidos agregando P\351rdida de Paquetes}{section.4.6}% 34
\BOOKMARK [0][-]{chapter.5}{}{}% 35
\BOOKMARK [0][-]{chapter*.16}{Referencias bibliogr\341ficas}{}% 36
\BOOKMARK [0][-]{appendix.Alph1}{}{}% 37
\BOOKMARK [0][-]{appendix.Alph2}{}{}% 38
\BOOKMARK [0][-]{appendix.Alph3}{}{}% 39
