\BOOKMARK [0][-]{chapter*.2}{Resumen}{}% 1
\BOOKMARK [0][-]{chapter*.3}{Abstract}{}% 2
\BOOKMARK [0][-]{chapter*.5}{Lista de tablas}{}% 3
\BOOKMARK [0][-]{chapter*.6}{Lista de figuras}{}% 4
\BOOKMARK [0][-]{chapter.1}{Cap\355tulo 1. Introducci\363n}{}% 5
\BOOKMARK [1][-]{section.1.1}{Motivaci\363n y antecedentes}{chapter.1}% 6
\BOOKMARK [2][-]{subsection.1.1.1}{Dise\361o y desarrollo del simulador de dispositivos LoRa}{section.1.1}% 7
\BOOKMARK [2][-]{subsection.1.1.2}{Desarrollo e implementaci\363n de m\363dulo de transici\363n LoRaWAN/IPv6}{section.1.1}% 8
\BOOKMARK [1][-]{section.1.2}{Objetivos y alcances}{chapter.1}% 9
\BOOKMARK [0][-]{chapter.2}{Cap\355tulo 2. Estado del arte}{}% 10
\BOOKMARK [1][-]{section.2.1}{Funcionamiento de los dispositivos LoRa}{chapter.2}% 11
\BOOKMARK [1][-]{section.2.2}{Limitaciones en el uso de LoRaWAN}{chapter.2}% 12
\BOOKMARK [1][-]{section.2.3}{Modelado de redes ALOHA}{chapter.2}% 13
\BOOKMARK [1][-]{section.2.4}{Integraci\363n de IoT en LoRaWAN}{chapter.2}% 14
\BOOKMARK [1][-]{section.2.5}{M\351todos de programaci\363n en C orientado a redes.}{chapter.2}% 15
\BOOKMARK [0][-]{chapter.3}{Cap\355tulo 3. Fundamentos Te\363ricos y M\351todos}{}% 16
\BOOKMARK [1][-]{section.3.1}{Marco Te\363rico}{chapter.3}% 17
\BOOKMARK [2][-]{subsection.3.1.1}{ALOHAnet}{section.3.1}% 18
\BOOKMARK [2][-]{subsection.3.1.2}{Spreading Factor}{section.3.1}% 19
\BOOKMARK [2][-]{subsection.3.1.3}{Dispositivos LoRa}{section.3.1}% 20
\BOOKMARK [2][-]{subsection.3.1.4}{Diferencias entre LoRaWAN y ALOHAnet}{section.3.1}% 21
\BOOKMARK [2][-]{subsection.3.1.5}{Simulaci\363n por eventos discretos}{section.3.1}% 22
\BOOKMARK [2][-]{subsection.3.1.6}{Herramientas para simulaci\363n de redes}{section.3.1}% 23
\BOOKMARK [1][-]{section.3.2}{Modulo de Transici\363n LoRaWAN/IPv6}{chapter.3}% 24
\BOOKMARK [2][-]{subsection.3.2.1}{Funcionamiento}{section.3.2}% 25
\BOOKMARK [2][-]{subsection.3.2.2}{Contribuciones}{section.3.2}% 26
\BOOKMARK [2][-]{subsection.3.2.3}{Consideraciones}{section.3.2}% 27
\BOOKMARK [0][-]{chapter.4}{Cap\355tulo 4. Resultados}{}% 28
\BOOKMARK [1][-]{section.4.1}{Definici\363n de Variables y Par\341metros}{chapter.4}% 29
\BOOKMARK [1][-]{section.4.2}{Definici\363n de Fases de Transmisi\363n en LoraWAN}{chapter.4}% 30
\BOOKMARK [2][-]{subsection.4.2.1}{Fase de Transmisi\363n}{section.4.2}% 31
\BOOKMARK [2][-]{subsection.4.2.2}{Fase de Reposo}{section.4.2}% 32
\BOOKMARK [2][-]{subsection.4.2.3}{P\351rdida de Paquetes}{section.4.2}% 33
\BOOKMARK [1][-]{section.4.3}{Par\341metros y Variables en Mediciones}{chapter.4}% 34
\BOOKMARK [2][-]{subsection.4.3.1}{Pruebas Realizadas}{section.4.3}% 35
\BOOKMARK [1][-]{section.4.4}{Resultados Obtenidos}{chapter.4}% 36
\BOOKMARK [2][-]{subsection.4.4.1}{Cambios de Estado}{section.4.4}% 37
\BOOKMARK [2][-]{subsection.4.4.2}{Pruebas de Transmisi\363n en ambiente virtual}{section.4.4}% 38
\BOOKMARK [2][-]{subsection.4.4.3}{Pruebas de Transmisi\363n en ambiente real}{section.4.4}% 39
\BOOKMARK [2][-]{subsection.4.4.4}{\315ndice de P\351rdida de Paquetes}{section.4.4}% 40
\BOOKMARK [2][-]{subsection.4.4.5}{Resultados Obtenidos agregando P\351rdida de Paquetes}{section.4.4}% 41
\BOOKMARK [0][-]{chapter.5}{Cap\355tulo 5. Conclusiones}{}% 42
\BOOKMARK [0][-]{section*.29}{Siglas}{}% 43
\BOOKMARK [0][-]{section*.31}{Glosario}{}% 44
\BOOKMARK [0][-]{appendix.Alph1}{Anexo A. Anexo A}{}% 45
\BOOKMARK [0][-]{appendix.Alph2}{Anexo B. Anexo B}{}% 46
\BOOKMARK [0][-]{appendix.Alph3}{Anexo C. Anexo C}{}% 47
